<?xml version="1.0" encoding="UTF-8"?>
<coverage generated="1565830992103" clover="3.2.0">
  <project timestamp="1565830992103" name="All files">
    <metrics statements="43" coveredstatements="33" conditionals="34" coveredconditionals="19" methods="17" coveredmethods="16" elements="94" coveredelements="68" complexity="0" loc="43" ncloc="43" packages="5" files="10" classes="10"/>
    <package name="_actions">
      <metrics statements="19" coveredstatements="16" conditionals="21" coveredconditionals="14" methods="10" coveredmethods="9"/>
      <file name="index.js" path="/home/umairnadeem/Documents/personal-projects/neo-bank-app/client/src/_actions/index.js">
        <metrics statements="0" coveredstatements="0" conditionals="0" coveredconditionals="0" methods="0" coveredmethods="0"/>
      </file>
      <file name="userActions.js" path="/home/umairnadeem/Documents/personal-projects/neo-bank-app/client/src/_actions/userActions.js">
        <metrics statements="19" coveredstatements="16" conditionals="21" coveredconditionals="14" methods="10" coveredmethods="9"/>
        <line num="6" count="5" type="cond" truecount="0" falsecount="1"/>
        <line num="8" count="5" type="stmt"/>
        <line num="10" count="5" type="cond" truecount="4" falsecount="0"/>
        <line num="11" count="2" type="stmt"/>
        <line num="12" count="2" type="stmt"/>
        <line num="16" count="3" type="cond" truecount="2" falsecount="2"/>
        <line num="17" count="0" type="stmt"/>
        <line num="24" count="0" type="stmt"/>
        <line num="25" count="0" type="stmt"/>
        <line num="31" count="3" type="stmt"/>
        <line num="33" count="2" type="stmt"/>
        <line num="35" count="2" type="cond" truecount="4" falsecount="0"/>
        <line num="36" count="1" type="stmt"/>
        <line num="39" count="1" type="cond" truecount="3" falsecount="1"/>
        <line num="40" count="1" type="stmt"/>
        <line num="46" count="1" type="stmt"/>
        <line num="47" count="1" type="stmt"/>
        <line num="53" count="2" type="stmt"/>
        <line num="57" count="2" type="stmt"/>
      </file>
    </package>
    <package name="_constants">
      <metrics statements="1" coveredstatements="1" conditionals="0" coveredconditionals="0" methods="0" coveredmethods="0"/>
      <file name="index.js" path="/home/umairnadeem/Documents/personal-projects/neo-bank-app/client/src/_constants/index.js">
        <metrics statements="0" coveredstatements="0" conditionals="0" coveredconditionals="0" methods="0" coveredmethods="0"/>
      </file>
      <file name="userConstants.js" path="/home/umairnadeem/Documents/personal-projects/neo-bank-app/client/src/_constants/userConstants.js">
        <metrics statements="1" coveredstatements="1" conditionals="0" coveredconditionals="0" methods="0" coveredmethods="0"/>
        <line num="1" count="2" type="stmt"/>
      </file>
    </package>
    <package name="_reducers">
      <metrics statements="14" coveredstatements="7" conditionals="11" coveredconditionals="4" methods="2" coveredmethods="2"/>
      <file name="dashboardReducers.js" path="/home/umairnadeem/Documents/personal-projects/neo-bank-app/client/src/_reducers/dashboardReducers.js">
        <metrics statements="5" coveredstatements="3" conditionals="4" coveredconditionals="2" methods="1" coveredmethods="1"/>
        <line num="3" count="1" type="stmt"/>
        <line num="8" count="3" type="cond" truecount="1" falsecount="2"/>
        <line num="10" count="0" type="stmt"/>
        <line num="14" count="0" type="stmt"/>
        <line num="18" count="3" type="stmt"/>
      </file>
      <file name="index.js" path="/home/umairnadeem/Documents/personal-projects/neo-bank-app/client/src/_reducers/index.js">
        <metrics statements="1" coveredstatements="1" conditionals="0" coveredconditionals="0" methods="0" coveredmethods="0"/>
        <line num="5" count="1" type="stmt"/>
      </file>
      <file name="userReducers.js" path="/home/umairnadeem/Documents/personal-projects/neo-bank-app/client/src/_reducers/userReducers.js">
        <metrics statements="8" coveredstatements="3" conditionals="7" coveredconditionals="2" methods="1" coveredmethods="1"/>
        <line num="3" count="1" type="stmt"/>
        <line num="9" count="3" type="cond" truecount="1" falsecount="5"/>
        <line num="11" count="0" type="stmt"/>
        <line num="15" count="0" type="stmt"/>
        <line num="19" count="0" type="stmt"/>
        <line num="24" count="0" type="stmt"/>
        <line num="28" count="0" type="stmt"/>
        <line num="33" count="3" type="stmt"/>
      </file>
    </package>
    <package name="_services">
      <metrics statements="5" coveredstatements="5" conditionals="0" coveredconditionals="0" methods="4" coveredmethods="4"/>
      <file name="index.js" path="/home/umairnadeem/Documents/personal-projects/neo-bank-app/client/src/_services/index.js">
        <metrics statements="0" coveredstatements="0" conditionals="0" coveredconditionals="0" methods="0" coveredmethods="0"/>
      </file>
      <file name="userService.js" path="/home/umairnadeem/Documents/personal-projects/neo-bank-app/client/src/_services/userService.js">
        <metrics statements="5" coveredstatements="5" conditionals="0" coveredconditionals="0" methods="4" coveredmethods="4"/>
        <line num="3" count="3" type="stmt"/>
        <line num="4" count="2" type="stmt"/>
        <line num="6" count="5" type="stmt"/>
        <line num="7" count="5" type="stmt"/>
        <line num="9" count="2" type="stmt"/>
      </file>
    </package>
    <package name="_store">
      <metrics statements="4" coveredstatements="4" conditionals="2" coveredconditionals="1" methods="1" coveredmethods="1"/>
      <file name="index.js" path="/home/umairnadeem/Documents/personal-projects/neo-bank-app/client/src/_store/index.js">
        <metrics statements="4" coveredstatements="4" conditionals="2" coveredconditionals="1" methods="1" coveredmethods="1"/>
        <line num="7" count="1" type="stmt"/>
        <line num="9" count="1" type="stmt"/>
        <line num="11" count="1" type="stmt"/>
        <line num="18" count="1" type="stmt"/>
      </file>
    </package>
  </project>
</coverage>
