<?xml version="1.0" encoding="UTF-8"?>
<coverage generated="1566004373356" clover="3.2.0">
  <project timestamp="1566004373358" name="All files">
    <metrics statements="66" coveredstatements="41" conditionals="49" coveredconditionals="20" methods="31" coveredmethods="16" elements="146" coveredelements="77" complexity="0" loc="66" ncloc="66" packages="5" files="13" classes="13"/>
    <package name="_actions">
      <metrics statements="33" coveredstatements="20" conditionals="33" coveredconditionals="15" methods="20" coveredmethods="9"/>
      <file name="dashboardActions.js" path="/home/umairnadeem/Documents/personal-projects/neo-bank-app/client/src/_actions/dashboardActions.js">
        <metrics statements="10" coveredstatements="3" conditionals="10" coveredconditionals="0" methods="6" coveredmethods="0"/>
        <line num="6" count="2" type="stmt"/>
        <line num="8" count="0" type="stmt"/>
        <line num="10" count="0" type="cond" truecount="0" falsecount="4"/>
        <line num="11" count="0" type="stmt"/>
        <line num="14" count="0" type="cond" truecount="0" falsecount="4"/>
        <line num="15" count="0" type="stmt"/>
        <line num="22" count="0" type="stmt"/>
        <line num="23" count="0" type="stmt"/>
        <line num="29" count="2" type="stmt"/>
        <line num="34" count="2" type="stmt"/>
      </file>
      <file name="index.js" path="/home/umairnadeem/Documents/personal-projects/neo-bank-app/client/src/_actions/index.js">
        <metrics statements="0" coveredstatements="0" conditionals="0" coveredconditionals="0" methods="0" coveredmethods="0"/>
      </file>
      <file name="userActions.js" path="/home/umairnadeem/Documents/personal-projects/neo-bank-app/client/src/_actions/userActions.js">
        <metrics statements="23" coveredstatements="17" conditionals="23" coveredconditionals="15" methods="14" coveredmethods="9"/>
        <line num="6" count="5" type="cond" truecount="0" falsecount="1"/>
        <line num="8" count="5" type="stmt"/>
        <line num="10" count="5" type="cond" truecount="4" falsecount="0"/>
        <line num="11" count="2" type="stmt"/>
        <line num="12" count="2" type="stmt"/>
        <line num="16" count="3" type="cond" truecount="2" falsecount="2"/>
        <line num="17" count="0" type="stmt"/>
        <line num="24" count="0" type="stmt"/>
        <line num="25" count="0" type="stmt"/>
        <line num="31" count="3" type="stmt"/>
        <line num="33" count="2" type="stmt"/>
        <line num="35" count="2" type="cond" truecount="4" falsecount="0"/>
        <line num="36" count="1" type="stmt"/>
        <line num="40" count="1" type="cond" truecount="3" falsecount="1"/>
        <line num="41" count="1" type="stmt"/>
        <line num="48" count="1" type="stmt"/>
        <line num="49" count="1" type="stmt"/>
        <line num="55" count="2" type="stmt"/>
        <line num="59" count="2" type="stmt"/>
        <line num="60" count="0" type="stmt"/>
        <line num="65" count="0" type="stmt"/>
        <line num="66" count="0" type="stmt"/>
        <line num="71" count="2" type="stmt"/>
      </file>
    </package>
    <package name="_constants">
      <metrics statements="2" coveredstatements="2" conditionals="0" coveredconditionals="0" methods="0" coveredmethods="0"/>
      <file name="dashboardConstants.js" path="/home/umairnadeem/Documents/personal-projects/neo-bank-app/client/src/_constants/dashboardConstants.js">
        <metrics statements="1" coveredstatements="1" conditionals="0" coveredconditionals="0" methods="0" coveredmethods="0"/>
        <line num="1" count="2" type="stmt"/>
      </file>
      <file name="index.js" path="/home/umairnadeem/Documents/personal-projects/neo-bank-app/client/src/_constants/index.js">
        <metrics statements="0" coveredstatements="0" conditionals="0" coveredconditionals="0" methods="0" coveredmethods="0"/>
      </file>
      <file name="userConstants.js" path="/home/umairnadeem/Documents/personal-projects/neo-bank-app/client/src/_constants/userConstants.js">
        <metrics statements="1" coveredstatements="1" conditionals="0" coveredconditionals="0" methods="0" coveredmethods="0"/>
        <line num="1" count="2" type="stmt"/>
      </file>
    </package>
    <package name="_reducers">
      <metrics statements="17" coveredstatements="7" conditionals="14" coveredconditionals="4" methods="2" coveredmethods="2"/>
      <file name="dashboardReducers.js" path="/home/umairnadeem/Documents/personal-projects/neo-bank-app/client/src/_reducers/dashboardReducers.js">
        <metrics statements="8" coveredstatements="3" conditionals="7" coveredconditionals="2" methods="1" coveredmethods="1"/>
        <line num="3" count="1" type="stmt"/>
        <line num="10" count="3" type="cond" truecount="1" falsecount="5"/>
        <line num="12" count="0" type="stmt"/>
        <line num="16" count="0" type="stmt"/>
        <line num="20" count="0" type="stmt"/>
        <line num="24" count="0" type="stmt"/>
        <line num="28" count="0" type="stmt"/>
        <line num="32" count="3" type="stmt"/>
      </file>
      <file name="index.js" path="/home/umairnadeem/Documents/personal-projects/neo-bank-app/client/src/_reducers/index.js">
        <metrics statements="1" coveredstatements="1" conditionals="0" coveredconditionals="0" methods="0" coveredmethods="0"/>
        <line num="5" count="1" type="stmt"/>
      </file>
      <file name="userReducers.js" path="/home/umairnadeem/Documents/personal-projects/neo-bank-app/client/src/_reducers/userReducers.js">
        <metrics statements="8" coveredstatements="3" conditionals="7" coveredconditionals="2" methods="1" coveredmethods="1"/>
        <line num="3" count="1" type="stmt"/>
        <line num="9" count="3" type="cond" truecount="1" falsecount="5"/>
        <line num="11" count="0" type="stmt"/>
        <line num="15" count="0" type="stmt"/>
        <line num="20" count="0" type="stmt"/>
        <line num="25" count="0" type="stmt"/>
        <line num="30" count="0" type="stmt"/>
        <line num="35" count="3" type="stmt"/>
      </file>
    </package>
    <package name="_services">
      <metrics statements="10" coveredstatements="8" conditionals="0" coveredconditionals="0" methods="8" coveredmethods="4"/>
      <file name="dashboardService.js" path="/home/umairnadeem/Documents/personal-projects/neo-bank-app/client/src/_services/dashboardService.js">
        <metrics statements="3" coveredstatements="2" conditionals="0" coveredconditionals="0" methods="2" coveredmethods="0"/>
        <line num="3" count="2" type="stmt"/>
        <line num="4" count="0" type="stmt"/>
        <line num="6" count="2" type="stmt"/>
      </file>
      <file name="index.js" path="/home/umairnadeem/Documents/personal-projects/neo-bank-app/client/src/_services/index.js">
        <metrics statements="0" coveredstatements="0" conditionals="0" coveredconditionals="0" methods="0" coveredmethods="0"/>
      </file>
      <file name="userService.js" path="/home/umairnadeem/Documents/personal-projects/neo-bank-app/client/src/_services/userService.js">
        <metrics statements="7" coveredstatements="6" conditionals="0" coveredconditionals="0" methods="6" coveredmethods="4"/>
        <line num="3" count="3" type="stmt"/>
        <line num="4" count="2" type="stmt"/>
        <line num="6" count="5" type="stmt"/>
        <line num="7" count="5" type="stmt"/>
        <line num="9" count="2" type="stmt"/>
        <line num="10" count="0" type="stmt"/>
        <line num="12" count="2" type="stmt"/>
      </file>
    </package>
    <package name="_store">
      <metrics statements="4" coveredstatements="4" conditionals="2" coveredconditionals="1" methods="1" coveredmethods="1"/>
      <file name="index.js" path="/home/umairnadeem/Documents/personal-projects/neo-bank-app/client/src/_store/index.js">
        <metrics statements="4" coveredstatements="4" conditionals="2" coveredconditionals="1" methods="1" coveredmethods="1"/>
        <line num="7" count="1" type="stmt"/>
        <line num="9" count="1" type="stmt"/>
        <line num="11" count="1" type="stmt"/>
        <line num="18" count="1" type="stmt"/>
      </file>
    </package>
  </project>
</coverage>
