{"/home/umairnadeem/Documents/personal-projects/neo-bank-app/client/src/_actions/index.js": {"path":"/home/umairnadeem/Documents/personal-projects/neo-bank-app/client/src/_actions/index.js","statementMap":{},"fnMap":{},"branchMap":{},"s":{},"f":{},"b":{},"_coverageSchema":"43e27e138ebf9cfc5966b082cf9a028302ed4184","hash":"c400f62c7dce72aeeb62c7d5cd128c8b745d4725"}
,"/home/umairnadeem/Documents/personal-projects/neo-bank-app/client/src/_actions/userActions.js": {"path":"/home/umairnadeem/Documents/personal-projects/neo-bank-app/client/src/_actions/userActions.js","statementMap":{"0":{"start":{"line":6,"column":21},"end":{"line":28,"column":4}},"1":{"start":{"line":6,"column":38},"end":{"line":28,"column":4}},"2":{"start":{"line":6,"column":50},"end":{"line":28,"column":4}},"3":{"start":{"line":8,"column":26},"end":{"line":8,"column":30}},"4":{"start":{"line":10,"column":4},"end":{"line":20,"column":5}},"5":{"start":{"line":11,"column":35},"end":{"line":11,"column":39}},"6":{"start":{"line":12,"column":6},"end":{"line":15,"column":9}},"7":{"start":{"line":16,"column":11},"end":{"line":20,"column":5}},"8":{"start":{"line":17,"column":6},"end":{"line":19,"column":9}},"9":{"start":{"line":23,"column":32},"end":{"line":23,"column":40}},"10":{"start":{"line":24,"column":4},"end":{"line":27,"column":7}},"11":{"start":{"line":30,"column":14},"end":{"line":50,"column":4}},"12":{"start":{"line":30,"column":38},"end":{"line":50,"column":4}},"13":{"start":{"line":30,"column":50},"end":{"line":50,"column":4}},"14":{"start":{"line":32,"column":26},"end":{"line":32,"column":30}},"15":{"start":{"line":34,"column":4},"end":{"line":42,"column":5}},"16":{"start":{"line":35,"column":6},"end":{"line":37,"column":9}},"17":{"start":{"line":38,"column":11},"end":{"line":42,"column":5}},"18":{"start":{"line":39,"column":6},"end":{"line":41,"column":9}},"19":{"start":{"line":45,"column":32},"end":{"line":45,"column":40}},"20":{"start":{"line":46,"column":4},"end":{"line":49,"column":7}},"21":{"start":{"line":52,"column":15},"end":{"line":54,"column":2}},"22":{"start":{"line":52,"column":21},"end":{"line":54,"column":2}},"23":{"start":{"line":52,"column":33},"end":{"line":54,"column":2}},"24":{"start":{"line":56,"column":27},"end":{"line":60,"column":1}}},"fnMap":{"0":{"name":"(anonymous_0)","decl":{"start":{"line":6,"column":21},"end":{"line":6,"column":22}},"loc":{"start":{"line":6,"column":38},"end":{"line":28,"column":4}},"line":6},"1":{"name":"(anonymous_1)","decl":{"start":{"line":6,"column":38},"end":{"line":6,"column":39}},"loc":{"start":{"line":6,"column":50},"end":{"line":28,"column":4}},"line":6},"2":{"name":"(anonymous_2)","decl":{"start":{"line":7,"column":8},"end":{"line":7,"column":9}},"loc":{"start":{"line":7,"column":22},"end":{"line":21,"column":3}},"line":7},"3":{"name":"(anonymous_3)","decl":{"start":{"line":22,"column":9},"end":{"line":22,"column":10}},"loc":{"start":{"line":22,"column":27},"end":{"line":28,"column":3}},"line":22},"4":{"name":"(anonymous_4)","decl":{"start":{"line":30,"column":14},"end":{"line":30,"column":15}},"loc":{"start":{"line":30,"column":38},"end":{"line":50,"column":4}},"line":30},"5":{"name":"(anonymous_5)","decl":{"start":{"line":30,"column":38},"end":{"line":30,"column":39}},"loc":{"start":{"line":30,"column":50},"end":{"line":50,"column":4}},"line":30},"6":{"name":"(anonymous_6)","decl":{"start":{"line":31,"column":8},"end":{"line":31,"column":9}},"loc":{"start":{"line":31,"column":22},"end":{"line":43,"column":3}},"line":31},"7":{"name":"(anonymous_7)","decl":{"start":{"line":44,"column":9},"end":{"line":44,"column":10}},"loc":{"start":{"line":44,"column":27},"end":{"line":50,"column":3}},"line":44},"8":{"name":"(anonymous_8)","decl":{"start":{"line":52,"column":15},"end":{"line":52,"column":16}},"loc":{"start":{"line":52,"column":21},"end":{"line":54,"column":2}},"line":52},"9":{"name":"(anonymous_9)","decl":{"start":{"line":52,"column":21},"end":{"line":52,"column":22}},"loc":{"start":{"line":52,"column":33},"end":{"line":54,"column":2}},"line":52}},"branchMap":{"0":{"loc":{"start":{"line":6,"column":22},"end":{"line":6,"column":33}},"type":"default-arg","locations":[{"start":{"line":6,"column":31},"end":{"line":6,"column":33}}],"line":6},"1":{"loc":{"start":{"line":10,"column":4},"end":{"line":20,"column":5}},"type":"if","locations":[{"start":{"line":10,"column":4},"end":{"line":20,"column":5}},{"start":{"line":10,"column":4},"end":{"line":20,"column":5}}],"line":10},"2":{"loc":{"start":{"line":10,"column":8},"end":{"line":10,"column":39}},"type":"binary-expr","locations":[{"start":{"line":10,"column":8},"end":{"line":10,"column":17}},{"start":{"line":10,"column":21},"end":{"line":10,"column":39}}],"line":10},"3":{"loc":{"start":{"line":16,"column":11},"end":{"line":20,"column":5}},"type":"if","locations":[{"start":{"line":16,"column":11},"end":{"line":20,"column":5}},{"start":{"line":16,"column":11},"end":{"line":20,"column":5}}],"line":16},"4":{"loc":{"start":{"line":16,"column":15},"end":{"line":16,"column":46}},"type":"binary-expr","locations":[{"start":{"line":16,"column":15},"end":{"line":16,"column":24}},{"start":{"line":16,"column":28},"end":{"line":16,"column":46}}],"line":16},"5":{"loc":{"start":{"line":26,"column":13},"end":{"line":26,"column":43}},"type":"cond-expr","locations":[{"start":{"line":26,"column":21},"end":{"line":26,"column":29}},{"start":{"line":26,"column":32},"end":{"line":26,"column":43}}],"line":26},"6":{"loc":{"start":{"line":34,"column":4},"end":{"line":42,"column":5}},"type":"if","locations":[{"start":{"line":34,"column":4},"end":{"line":42,"column":5}},{"start":{"line":34,"column":4},"end":{"line":42,"column":5}}],"line":34},"7":{"loc":{"start":{"line":34,"column":8},"end":{"line":34,"column":39}},"type":"binary-expr","locations":[{"start":{"line":34,"column":8},"end":{"line":34,"column":17}},{"start":{"line":34,"column":21},"end":{"line":34,"column":39}}],"line":34},"8":{"loc":{"start":{"line":38,"column":11},"end":{"line":42,"column":5}},"type":"if","locations":[{"start":{"line":38,"column":11},"end":{"line":42,"column":5}},{"start":{"line":38,"column":11},"end":{"line":42,"column":5}}],"line":38},"9":{"loc":{"start":{"line":38,"column":15},"end":{"line":38,"column":46}},"type":"binary-expr","locations":[{"start":{"line":38,"column":15},"end":{"line":38,"column":24}},{"start":{"line":38,"column":28},"end":{"line":38,"column":46}}],"line":38},"10":{"loc":{"start":{"line":48,"column":13},"end":{"line":48,"column":45}},"type":"cond-expr","locations":[{"start":{"line":48,"column":21},"end":{"line":48,"column":29}},{"start":{"line":48,"column":32},"end":{"line":48,"column":45}}],"line":48}},"s":{"0":2,"1":5,"2":5,"3":5,"4":5,"5":2,"6":2,"7":3,"8":0,"9":0,"10":0,"11":2,"12":3,"13":3,"14":2,"15":2,"16":1,"17":1,"18":1,"19":1,"20":1,"21":2,"22":1,"23":1,"24":2},"f":{"0":5,"1":5,"2":5,"3":0,"4":3,"5":3,"6":2,"7":1,"8":1,"9":1},"b":{"0":[0],"1":[2,3],"2":[5,2],"3":[0,3],"4":[3,0],"5":[0,0],"6":[1,1],"7":[2,2],"8":[1,0],"9":[1,1],"10":[0,1]},"_coverageSchema":"43e27e138ebf9cfc5966b082cf9a028302ed4184","hash":"cc36fcac752a75754fa1734c33be4d51debcd19e"}
,"/home/umairnadeem/Documents/personal-projects/neo-bank-app/client/src/_constants/index.js": {"path":"/home/umairnadeem/Documents/personal-projects/neo-bank-app/client/src/_constants/index.js","statementMap":{},"fnMap":{},"branchMap":{},"s":{},"f":{},"b":{},"_coverageSchema":"43e27e138ebf9cfc5966b082cf9a028302ed4184","hash":"96bfdd18b55852f9fffb04609d14b82838eb635a"}
,"/home/umairnadeem/Documents/personal-projects/neo-bank-app/client/src/_constants/userConstants.js": {"path":"/home/umairnadeem/Documents/personal-projects/neo-bank-app/client/src/_constants/userConstants.js","statementMap":{"0":{"start":{"line":1,"column":29},"end":{"line":7,"column":1}}},"fnMap":{},"branchMap":{},"s":{"0":2},"f":{},"b":{},"_coverageSchema":"43e27e138ebf9cfc5966b082cf9a028302ed4184","hash":"7e0113087debc4057d10329567ea505daefbb7d9"}
,"/home/umairnadeem/Documents/personal-projects/neo-bank-app/client/src/_reducers/index.js": {"path":"/home/umairnadeem/Documents/personal-projects/neo-bank-app/client/src/_reducers/index.js","statementMap":{"0":{"start":{"line":4,"column":20},"end":{"line":6,"column":2}}},"fnMap":{},"branchMap":{},"s":{"0":1},"f":{},"b":{},"_coverageSchema":"43e27e138ebf9cfc5966b082cf9a028302ed4184","hash":"48f78892c1e68bc0d739c87bab161142cce54862"}
,"/home/umairnadeem/Documents/personal-projects/neo-bank-app/client/src/_reducers/userReducers.js": {"path":"/home/umairnadeem/Documents/personal-projects/neo-bank-app/client/src/_reducers/userReducers.js","statementMap":{"0":{"start":{"line":3,"column":21},"end":{"line":6,"column":1}},"1":{"start":{"line":9,"column":2},"end":{"line":34,"column":3}},"2":{"start":{"line":11,"column":6},"end":{"line":13,"column":8}},"3":{"start":{"line":15,"column":6},"end":{"line":17,"column":8}},"4":{"start":{"line":19,"column":6},"end":{"line":22,"column":8}},"5":{"start":{"line":24,"column":6},"end":{"line":26,"column":8}},"6":{"start":{"line":28,"column":6},"end":{"line":31,"column":8}},"7":{"start":{"line":33,"column":6},"end":{"line":33,"column":19}}},"fnMap":{"0":{"name":"(anonymous_0)","decl":{"start":{"line":8,"column":15},"end":{"line":8,"column":16}},"loc":{"start":{"line":8,"column":55},"end":{"line":35,"column":1}},"line":8}},"branchMap":{"0":{"loc":{"start":{"line":8,"column":25},"end":{"line":8,"column":45}},"type":"default-arg","locations":[{"start":{"line":8,"column":33},"end":{"line":8,"column":45}}],"line":8},"1":{"loc":{"start":{"line":9,"column":2},"end":{"line":34,"column":3}},"type":"switch","locations":[{"start":{"line":10,"column":4},"end":{"line":13,"column":8}},{"start":{"line":14,"column":4},"end":{"line":17,"column":8}},{"start":{"line":18,"column":4},"end":{"line":22,"column":8}},{"start":{"line":23,"column":4},"end":{"line":26,"column":8}},{"start":{"line":27,"column":4},"end":{"line":31,"column":8}},{"start":{"line":32,"column":4},"end":{"line":33,"column":19}}],"line":9}},"s":{"0":1,"1":3,"2":0,"3":0,"4":0,"5":0,"6":0,"7":3},"f":{"0":3},"b":{"0":[3],"1":[0,0,0,0,0,3]},"_coverageSchema":"43e27e138ebf9cfc5966b082cf9a028302ed4184","hash":"cdf8a07ba03d560ce2a51ea8ddfa4fde5d450ab0"}
,"/home/umairnadeem/Documents/personal-projects/neo-bank-app/client/src/_services/index.js": {"path":"/home/umairnadeem/Documents/personal-projects/neo-bank-app/client/src/_services/index.js","statementMap":{},"fnMap":{},"branchMap":{},"s":{},"f":{},"b":{},"_coverageSchema":"43e27e138ebf9cfc5966b082cf9a028302ed4184","hash":"595742e374238ca1947b2cdbb85ade1a0fd11ce3"}
,"/home/umairnadeem/Documents/personal-projects/neo-bank-app/client/src/_services/userService.js": {"path":"/home/umairnadeem/Documents/personal-projects/neo-bank-app/client/src/_services/userService.js","statementMap":{"0":{"start":{"line":3,"column":14},"end":{"line":4,"column":19}},"1":{"start":{"line":3,"column":38},"end":{"line":4,"column":19}},"2":{"start":{"line":4,"column":15},"end":{"line":4,"column":18}},"3":{"start":{"line":6,"column":21},"end":{"line":7,"column":19}},"4":{"start":{"line":6,"column":31},"end":{"line":7,"column":19}},"5":{"start":{"line":7,"column":15},"end":{"line":7,"column":18}},"6":{"start":{"line":9,"column":27},"end":{"line":12,"column":1}}},"fnMap":{"0":{"name":"(anonymous_0)","decl":{"start":{"line":3,"column":14},"end":{"line":3,"column":15}},"loc":{"start":{"line":3,"column":38},"end":{"line":4,"column":19}},"line":3},"1":{"name":"(anonymous_1)","decl":{"start":{"line":4,"column":8},"end":{"line":4,"column":9}},"loc":{"start":{"line":4,"column":15},"end":{"line":4,"column":18}},"line":4},"2":{"name":"(anonymous_2)","decl":{"start":{"line":6,"column":21},"end":{"line":6,"column":22}},"loc":{"start":{"line":6,"column":31},"end":{"line":7,"column":19}},"line":6},"3":{"name":"(anonymous_3)","decl":{"start":{"line":7,"column":8},"end":{"line":7,"column":9}},"loc":{"start":{"line":7,"column":15},"end":{"line":7,"column":18}},"line":7}},"branchMap":{},"s":{"0":2,"1":3,"2":2,"3":2,"4":5,"5":5,"6":2},"f":{"0":3,"1":2,"2":5,"3":5},"b":{},"_coverageSchema":"43e27e138ebf9cfc5966b082cf9a028302ed4184","hash":"cf98f14e055fc691e5ccc98b197a72ece5b213f4"}
,"/home/umairnadeem/Documents/personal-projects/neo-bank-app/client/src/_store/index.js": {"path":"/home/umairnadeem/Documents/personal-projects/neo-bank-app/client/src/_store/index.js","statementMap":{"0":{"start":{"line":7,"column":21},"end":{"line":7,"column":23}},"1":{"start":{"line":9,"column":19},"end":{"line":9,"column":26}},"2":{"start":{"line":11,"column":14},"end":{"line":20,"column":1}},"3":{"start":{"line":18,"column":13},"end":{"line":18,"column":14}}},"fnMap":{"0":{"name":"(anonymous_0)","decl":{"start":{"line":18,"column":8},"end":{"line":18,"column":9}},"loc":{"start":{"line":18,"column":13},"end":{"line":18,"column":14}},"line":18}},"branchMap":{"0":{"loc":{"start":{"line":16,"column":4},"end":{"line":18,"column":14}},"type":"cond-expr","locations":[{"start":{"line":17,"column":8},"end":{"line":17,"column":45}},{"start":{"line":18,"column":8},"end":{"line":18,"column":14}}],"line":16}},"s":{"0":1,"1":1,"2":1,"3":1},"f":{"0":1},"b":{"0":[0,1]},"_coverageSchema":"43e27e138ebf9cfc5966b082cf9a028302ed4184","hash":"cfdc2d44880b7803177b21e2f39dc79a2a3ed89e"}
}
