{"/home/umairnadeem/Documents/personal-projects/neo-bank-app/client/src/index.jsx": {"path":"/home/umairnadeem/Documents/personal-projects/neo-bank-app/client/src/index.jsx","statementMap":{"0":{"start":{"line":8,"column":0},"end":{"line":13,"column":2}}},"fnMap":{},"branchMap":{},"s":{"0":0},"f":{},"b":{},"hash":"087dfe065ba3bee7a5272e9bbb09e2271d0bf7d9"}
,"/home/umairnadeem/Documents/personal-projects/neo-bank-app/client/src/components/App.jsx": {"path":"/home/umairnadeem/Documents/personal-projects/neo-bank-app/client/src/components/App.jsx","statementMap":{"0":{"start":{"line":10,"column":24},"end":{"line":12,"column":2}},"1":{"start":{"line":10,"column":34},"end":{"line":12,"column":1}},"2":{"start":{"line":14,"column":23},"end":{"line":16,"column":2}},"3":{"start":{"line":14,"column":30},"end":{"line":16,"column":1}},"4":{"start":{"line":18,"column":12},"end":{"line":29,"column":1}},"5":{"start":{"line":19,"column":2},"end":{"line":28,"column":8}},"6":{"start":{"line":31,"column":0},"end":{"line":33,"column":2}}},"fnMap":{"0":{"name":"(anonymous_0)","decl":{"start":{"line":10,"column":24},"end":{"line":10,"column":25}},"loc":{"start":{"line":10,"column":34},"end":{"line":12,"column":1}},"line":10},"1":{"name":"(anonymous_1)","decl":{"start":{"line":14,"column":23},"end":{"line":14,"column":24}},"loc":{"start":{"line":14,"column":30},"end":{"line":16,"column":1}},"line":14},"2":{"name":"(anonymous_2)","decl":{"start":{"line":18,"column":12},"end":{"line":18,"column":13}},"loc":{"start":{"line":19,"column":2},"end":{"line":28,"column":8}},"line":19}},"branchMap":{"0":{"loc":{"start":{"line":20,"column":5},"end":{"line":22,"column":12}},"type":"cond-expr","locations":[{"start":{"line":21,"column":8},"end":{"line":21,"column":21}},{"start":{"line":22,"column":8},"end":{"line":22,"column":12}}],"line":20},"1":{"loc":{"start":{"line":23,"column":6},"end":{"line":25,"column":12}},"type":"cond-expr","locations":[{"start":{"line":24,"column":8},"end":{"line":24,"column":24}},{"start":{"line":25,"column":8},"end":{"line":25,"column":12}}],"line":23}},"s":{"0":0,"1":0,"2":0,"3":0,"4":0,"5":0,"6":0},"f":{"0":0,"1":0,"2":0},"b":{"0":[0,0],"1":[0,0]},"hash":"c17052e7d45a8ab6c9fc04750cfa1181fbf4080a"}
,"/home/umairnadeem/Documents/personal-projects/neo-bank-app/client/src/components/Authenticate.jsx": {"path":"/home/umairnadeem/Documents/personal-projects/neo-bank-app/client/src/components/Authenticate.jsx","statementMap":{"0":{"start":{"line":7,"column":16},"end":{"line":9,"column":1}},"1":{"start":{"line":11,"column":24},"end":{"line":13,"column":2}},"2":{"start":{"line":11,"column":34},"end":{"line":13,"column":1}},"3":{"start":{"line":17,"column":4},"end":{"line":17,"column":17}},"4":{"start":{"line":19,"column":4},"end":{"line":21,"column":6}},"5":{"start":{"line":22,"column":4},"end":{"line":22,"column":53}},"6":{"start":{"line":23,"column":4},"end":{"line":23,"column":53}},"7":{"start":{"line":27,"column":28},"end":{"line":27,"column":36}},"8":{"start":{"line":28,"column":4},"end":{"line":28,"column":37}},"9":{"start":{"line":32,"column":4},"end":{"line":32,"column":23}},"10":{"start":{"line":33,"column":29},"end":{"line":33,"column":39}},"11":{"start":{"line":34,"column":23},"end":{"line":34,"column":33}},"12":{"start":{"line":36,"column":4},"end":{"line":36,"column":25}},"13":{"start":{"line":40,"column":31},"end":{"line":40,"column":41}},"14":{"start":{"line":41,"column":23},"end":{"line":41,"column":33}},"15":{"start":{"line":42,"column":4},"end":{"line":55,"column":6}},"16":{"start":{"line":59,"column":0},"end":{"line":62,"column":2}},"17":{"start":{"line":64,"column":0},"end":{"line":66,"column":2}}},"fnMap":{"0":{"name":"(anonymous_0)","decl":{"start":{"line":11,"column":24},"end":{"line":11,"column":25}},"loc":{"start":{"line":11,"column":34},"end":{"line":13,"column":1}},"line":11},"1":{"name":"(anonymous_1)","decl":{"start":{"line":16,"column":2},"end":{"line":16,"column":3}},"loc":{"start":{"line":16,"column":21},"end":{"line":24,"column":3}},"line":16},"2":{"name":"(anonymous_2)","decl":{"start":{"line":26,"column":2},"end":{"line":26,"column":3}},"loc":{"start":{"line":26,"column":18},"end":{"line":29,"column":3}},"line":26},"3":{"name":"(anonymous_3)","decl":{"start":{"line":31,"column":2},"end":{"line":31,"column":3}},"loc":{"start":{"line":31,"column":18},"end":{"line":37,"column":3}},"line":31},"4":{"name":"(anonymous_4)","decl":{"start":{"line":39,"column":2},"end":{"line":39,"column":3}},"loc":{"start":{"line":39,"column":11},"end":{"line":56,"column":3}},"line":39}},"branchMap":{"0":{"loc":{"start":{"line":51,"column":10},"end":{"line":53,"column":16}},"type":"cond-expr","locations":[{"start":{"line":52,"column":12},"end":{"line":52,"column":21}},{"start":{"line":53,"column":12},"end":{"line":53,"column":16}}],"line":51}},"s":{"0":0,"1":0,"2":0,"3":0,"4":0,"5":0,"6":0,"7":0,"8":0,"9":0,"10":0,"11":0,"12":0,"13":0,"14":0,"15":0,"16":0,"17":0},"f":{"0":0,"1":0,"2":0,"3":0,"4":0},"b":{"0":[0,0]},"hash":"6fa3e3044109791d5d06325fe09c2fc27009558b"}
,"/home/umairnadeem/Documents/personal-projects/neo-bank-app/client/src/components/Error.jsx": {"path":"/home/umairnadeem/Documents/personal-projects/neo-bank-app/client/src/components/Error.jsx","statementMap":{"0":{"start":{"line":5,"column":24},"end":{"line":8,"column":1}},"1":{"start":{"line":6,"column":40},"end":{"line":6,"column":45}},"2":{"start":{"line":7,"column":2},"end":{"line":7,"column":19}},"3":{"start":{"line":10,"column":14},"end":{"line":14,"column":1}},"4":{"start":{"line":11,"column":2},"end":{"line":13,"column":8}},"5":{"start":{"line":16,"column":0},"end":{"line":18,"column":2}}},"fnMap":{"0":{"name":"(anonymous_0)","decl":{"start":{"line":5,"column":24},"end":{"line":5,"column":25}},"loc":{"start":{"line":5,"column":35},"end":{"line":8,"column":1}},"line":5},"1":{"name":"(anonymous_1)","decl":{"start":{"line":10,"column":14},"end":{"line":10,"column":15}},"loc":{"start":{"line":11,"column":2},"end":{"line":13,"column":8}},"line":11}},"branchMap":{},"s":{"0":1,"1":0,"2":0,"3":1,"4":0,"5":1},"f":{"0":0,"1":0},"b":{},"_coverageSchema":"43e27e138ebf9cfc5966b082cf9a028302ed4184","hash":"8673dbe8b1e84a3b28b488a8c7c4491ac3b6e6f6"}
,"/home/umairnadeem/Documents/personal-projects/neo-bank-app/client/src/components/LoginPage.jsx": {"path":"/home/umairnadeem/Documents/personal-projects/neo-bank-app/client/src/components/LoginPage.jsx","statementMap":{"0":{"start":{"line":7,"column":16},"end":{"line":10,"column":1}},"1":{"start":{"line":12,"column":24},"end":{"line":14,"column":2}},"2":{"start":{"line":12,"column":34},"end":{"line":14,"column":1}},"3":{"start":{"line":18,"column":4},"end":{"line":18,"column":17}},"4":{"start":{"line":20,"column":4},"end":{"line":23,"column":6}},"5":{"start":{"line":25,"column":4},"end":{"line":25,"column":53}},"6":{"start":{"line":26,"column":4},"end":{"line":26,"column":53}},"7":{"start":{"line":30,"column":28},"end":{"line":30,"column":36}},"8":{"start":{"line":31,"column":4},"end":{"line":31,"column":37}},"9":{"start":{"line":35,"column":4},"end":{"line":35,"column":23}},"10":{"start":{"line":37,"column":22},"end":{"line":37,"column":32}},"11":{"start":{"line":38,"column":35},"end":{"line":38,"column":45}},"12":{"start":{"line":40,"column":4},"end":{"line":42,"column":5}},"13":{"start":{"line":41,"column":6},"end":{"line":41,"column":32}},"14":{"start":{"line":46,"column":31},"end":{"line":46,"column":41}},"15":{"start":{"line":47,"column":35},"end":{"line":47,"column":45}},"16":{"start":{"line":49,"column":4},"end":{"line":67,"column":6}},"17":{"start":{"line":71,"column":0},"end":{"line":74,"column":2}}},"fnMap":{"0":{"name":"(anonymous_0)","decl":{"start":{"line":12,"column":24},"end":{"line":12,"column":25}},"loc":{"start":{"line":12,"column":34},"end":{"line":14,"column":1}},"line":12},"1":{"name":"(anonymous_1)","decl":{"start":{"line":17,"column":2},"end":{"line":17,"column":3}},"loc":{"start":{"line":17,"column":21},"end":{"line":27,"column":3}},"line":17},"2":{"name":"(anonymous_2)","decl":{"start":{"line":29,"column":2},"end":{"line":29,"column":3}},"loc":{"start":{"line":29,"column":18},"end":{"line":32,"column":3}},"line":29},"3":{"name":"(anonymous_3)","decl":{"start":{"line":34,"column":2},"end":{"line":34,"column":3}},"loc":{"start":{"line":34,"column":18},"end":{"line":43,"column":3}},"line":34},"4":{"name":"(anonymous_4)","decl":{"start":{"line":45,"column":2},"end":{"line":45,"column":3}},"loc":{"start":{"line":45,"column":11},"end":{"line":68,"column":3}},"line":45}},"branchMap":{"0":{"loc":{"start":{"line":40,"column":4},"end":{"line":42,"column":5}},"type":"if","locations":[{"start":{"line":40,"column":4},"end":{"line":42,"column":5}},{"start":{"line":40,"column":4},"end":{"line":42,"column":5}}],"line":40},"1":{"loc":{"start":{"line":40,"column":8},"end":{"line":40,"column":28}},"type":"binary-expr","locations":[{"start":{"line":40,"column":8},"end":{"line":40,"column":16}},{"start":{"line":40,"column":20},"end":{"line":40,"column":28}}],"line":40},"2":{"loc":{"start":{"line":63,"column":10},"end":{"line":65,"column":16}},"type":"cond-expr","locations":[{"start":{"line":64,"column":12},"end":{"line":64,"column":21}},{"start":{"line":65,"column":12},"end":{"line":65,"column":16}}],"line":63}},"s":{"0":1,"1":1,"2":1,"3":0,"4":0,"5":0,"6":0,"7":0,"8":0,"9":0,"10":0,"11":0,"12":0,"13":0,"14":0,"15":0,"16":0,"17":1},"f":{"0":1,"1":0,"2":0,"3":0,"4":0},"b":{"0":[0,0],"1":[0,0],"2":[0,0]},"_coverageSchema":"43e27e138ebf9cfc5966b082cf9a028302ed4184","hash":"5740ab4f8df2044d11edc22b5efb9e70ec86e1ec"}
,"/home/umairnadeem/Documents/personal-projects/neo-bank-app/client/src/components/Main.jsx": {"path":"/home/umairnadeem/Documents/personal-projects/neo-bank-app/client/src/components/Main.jsx","statementMap":{},"fnMap":{},"branchMap":{},"s":{},"f":{},"b":{},"hash":"3b843457ef7c628a663a54ba87285b2e5d93a104"}
,"/home/umairnadeem/Documents/personal-projects/neo-bank-app/client/src/components/Sidebar.jsx": {"path":"/home/umairnadeem/Documents/personal-projects/neo-bank-app/client/src/components/Sidebar.jsx","statementMap":{},"fnMap":{},"branchMap":{},"s":{},"f":{},"b":{},"hash":"36d8ba718fbd8cc14cd32f4381e91ec02e9540e6"}
}
