TN:
SF:/home/umairnadeem/Documents/personal-projects/neo-bank-app/client/src/_actions/index.js
FNF:0
FNH:0
LF:0
LH:0
BRF:0
BRH:0
end_of_record
TN:
SF:/home/umairnadeem/Documents/personal-projects/neo-bank-app/client/src/_actions/userActions.js
FN:6,(anonymous_0)
FN:6,(anonymous_1)
FN:7,(anonymous_2)
FN:22,(anonymous_3)
FN:30,(anonymous_4)
FN:30,(anonymous_5)
FN:31,(anonymous_6)
FN:44,(anonymous_7)
FN:52,(anonymous_8)
FN:52,(anonymous_9)
FNF:10
FNH:9
FNDA:5,(anonymous_0)
FNDA:5,(anonymous_1)
FNDA:5,(anonymous_2)
FNDA:0,(anonymous_3)
FNDA:3,(anonymous_4)
FNDA:3,(anonymous_5)
FNDA:2,(anonymous_6)
FNDA:1,(anonymous_7)
FNDA:1,(anonymous_8)
FNDA:1,(anonymous_9)
DA:6,5
DA:8,5
DA:10,5
DA:11,2
DA:12,2
DA:16,3
DA:17,0
DA:23,0
DA:24,0
DA:30,3
DA:32,2
DA:34,2
DA:35,1
DA:38,1
DA:39,1
DA:45,1
DA:46,1
DA:52,2
DA:56,2
LF:19
LH:16
BRDA:6,0,0,0
BRDA:10,1,0,2
BRDA:10,1,1,3
BRDA:10,2,0,5
BRDA:10,2,1,2
BRDA:16,3,0,0
BRDA:16,3,1,3
BRDA:16,4,0,3
BRDA:16,4,1,0
BRDA:26,5,0,0
BRDA:26,5,1,0
BRDA:34,6,0,1
BRDA:34,6,1,1
BRDA:34,7,0,2
BRDA:34,7,1,2
BRDA:38,8,0,1
BRDA:38,8,1,0
BRDA:38,9,0,1
BRDA:38,9,1,1
BRDA:48,10,0,0
BRDA:48,10,1,1
BRF:21
BRH:14
end_of_record
TN:
SF:/home/umairnadeem/Documents/personal-projects/neo-bank-app/client/src/_constants/index.js
FNF:0
FNH:0
LF:0
LH:0
BRF:0
BRH:0
end_of_record
TN:
SF:/home/umairnadeem/Documents/personal-projects/neo-bank-app/client/src/_constants/userConstants.js
FNF:0
FNH:0
DA:1,2
LF:1
LH:1
BRF:0
BRH:0
end_of_record
TN:
SF:/home/umairnadeem/Documents/personal-projects/neo-bank-app/client/src/_reducers/index.js
FNF:0
FNH:0
DA:4,1
LF:1
LH:1
BRF:0
BRH:0
end_of_record
TN:
SF:/home/umairnadeem/Documents/personal-projects/neo-bank-app/client/src/_reducers/userReducers.js
FN:8,(anonymous_0)
FNF:1
FNH:1
FNDA:3,(anonymous_0)
DA:3,1
DA:9,3
DA:11,0
DA:15,0
DA:19,0
DA:24,0
DA:28,0
DA:33,3
LF:8
LH:3
BRDA:8,0,0,3
BRDA:9,1,0,0
BRDA:9,1,1,0
BRDA:9,1,2,0
BRDA:9,1,3,0
BRDA:9,1,4,0
BRDA:9,1,5,3
BRF:7
BRH:2
end_of_record
TN:
SF:/home/umairnadeem/Documents/personal-projects/neo-bank-app/client/src/_services/index.js
FNF:0
FNH:0
LF:0
LH:0
BRF:0
BRH:0
end_of_record
TN:
SF:/home/umairnadeem/Documents/personal-projects/neo-bank-app/client/src/_services/userService.js
FN:3,(anonymous_0)
FN:4,(anonymous_1)
FN:6,(anonymous_2)
FN:7,(anonymous_3)
FNF:4
FNH:4
FNDA:3,(anonymous_0)
FNDA:2,(anonymous_1)
FNDA:5,(anonymous_2)
FNDA:5,(anonymous_3)
DA:3,3
DA:4,2
DA:6,5
DA:7,5
DA:9,2
LF:5
LH:5
BRF:0
BRH:0
end_of_record
TN:
SF:/home/umairnadeem/Documents/personal-projects/neo-bank-app/client/src/_store/index.js
FN:18,(anonymous_0)
FNF:1
FNH:1
FNDA:1,(anonymous_0)
DA:7,1
DA:9,1
DA:11,1
DA:18,1
LF:4
LH:4
BRDA:16,0,0,0
BRDA:16,0,1,1
BRF:2
BRH:1
end_of_record
