TN:
SF:/home/umairnadeem/Documents/personal-projects/neo-bank-app/client/src/_actions/index.js
FNF:0
FNH:0
LF:0
LH:0
BRF:0
BRH:0
end_of_record
TN:
SF:/home/umairnadeem/Documents/personal-projects/neo-bank-app/client/src/_actions/userActions.js
FN:6,(anonymous_0)
FN:6,(anonymous_1)
FN:7,(anonymous_2)
FN:23,(anonymous_3)
FN:31,(anonymous_4)
FN:31,(anonymous_5)
FN:32,(anonymous_6)
FN:47,(anonymous_7)
FN:55,(anonymous_8)
FN:55,(anonymous_9)
FN:59,(anonymous_10)
FN:59,(anonymous_11)
FN:60,(anonymous_12)
FN:64,(anonymous_13)
FNF:14
FNH:9
FNDA:5,(anonymous_0)
FNDA:5,(anonymous_1)
FNDA:5,(anonymous_2)
FNDA:0,(anonymous_3)
FNDA:3,(anonymous_4)
FNDA:3,(anonymous_5)
FNDA:2,(anonymous_6)
FNDA:2,(anonymous_7)
FNDA:1,(anonymous_8)
FNDA:1,(anonymous_9)
FNDA:0,(anonymous_10)
FNDA:0,(anonymous_11)
FNDA:0,(anonymous_12)
FNDA:0,(anonymous_13)
DA:6,5
DA:8,5
DA:10,5
DA:11,2
DA:12,2
DA:16,3
DA:17,0
DA:24,0
DA:25,0
DA:31,3
DA:33,2
DA:35,2
DA:36,1
DA:40,1
DA:41,1
DA:48,2
DA:49,1
DA:55,2
DA:59,2
DA:60,0
DA:64,0
DA:68,2
LF:22
LH:17
BRDA:6,0,0,0
BRDA:10,1,0,2
BRDA:10,1,1,3
BRDA:10,2,0,5
BRDA:10,2,1,2
BRDA:16,3,0,0
BRDA:16,3,1,3
BRDA:16,4,0,3
BRDA:16,4,1,0
BRDA:27,5,0,0
BRDA:27,5,1,0
BRDA:35,6,0,1
BRDA:35,6,1,1
BRDA:35,7,0,2
BRDA:35,7,1,2
BRDA:40,8,0,1
BRDA:40,8,1,0
BRDA:40,9,0,1
BRDA:40,9,1,1
BRDA:51,10,0,0
BRDA:51,10,1,1
BRF:21
BRH:14
end_of_record
TN:
SF:/home/umairnadeem/Documents/personal-projects/neo-bank-app/client/src/_constants/index.js
FNF:0
FNH:0
LF:0
LH:0
BRF:0
BRH:0
end_of_record
TN:
SF:/home/umairnadeem/Documents/personal-projects/neo-bank-app/client/src/_constants/userConstants.js
FNF:0
FNH:0
DA:1,2
LF:1
LH:1
BRF:0
BRH:0
end_of_record
TN:
SF:/home/umairnadeem/Documents/personal-projects/neo-bank-app/client/src/_reducers/dashboardReducers.js
FN:7,(anonymous_0)
FNF:1
FNH:1
FNDA:3,(anonymous_0)
DA:3,1
DA:8,3
DA:10,0
DA:14,0
DA:18,3
LF:5
LH:3
BRDA:7,0,0,3
BRDA:8,1,0,0
BRDA:8,1,1,0
BRDA:8,1,2,3
BRF:4
BRH:2
end_of_record
TN:
SF:/home/umairnadeem/Documents/personal-projects/neo-bank-app/client/src/_reducers/index.js
FNF:0
FNH:0
DA:5,1
LF:1
LH:1
BRF:0
BRH:0
end_of_record
TN:
SF:/home/umairnadeem/Documents/personal-projects/neo-bank-app/client/src/_reducers/userReducers.js
FN:8,(anonymous_0)
FNF:1
FNH:1
FNDA:3,(anonymous_0)
DA:3,1
DA:9,3
DA:11,0
DA:15,0
DA:20,0
DA:25,0
DA:30,0
DA:35,3
LF:8
LH:3
BRDA:8,0,0,3
BRDA:9,1,0,0
BRDA:9,1,1,0
BRDA:9,1,2,0
BRDA:9,1,3,0
BRDA:9,1,4,0
BRDA:9,1,5,3
BRF:7
BRH:2
end_of_record
TN:
SF:/home/umairnadeem/Documents/personal-projects/neo-bank-app/client/src/_services/index.js
FNF:0
FNH:0
LF:0
LH:0
BRF:0
BRH:0
end_of_record
TN:
SF:/home/umairnadeem/Documents/personal-projects/neo-bank-app/client/src/_services/userService.js
FN:3,(anonymous_0)
FN:4,(anonymous_1)
FN:6,(anonymous_2)
FN:7,(anonymous_3)
FN:9,(anonymous_4)
FN:10,(anonymous_5)
FNF:6
FNH:4
FNDA:3,(anonymous_0)
FNDA:2,(anonymous_1)
FNDA:5,(anonymous_2)
FNDA:5,(anonymous_3)
FNDA:0,(anonymous_4)
FNDA:0,(anonymous_5)
DA:3,3
DA:4,2
DA:6,5
DA:7,5
DA:9,2
DA:10,0
DA:12,2
LF:7
LH:6
BRF:0
BRH:0
end_of_record
TN:
SF:/home/umairnadeem/Documents/personal-projects/neo-bank-app/client/src/_store/index.js
FN:18,(anonymous_0)
FNF:1
FNH:1
FNDA:1,(anonymous_0)
DA:7,1
DA:9,1
DA:11,1
DA:18,1
LF:4
LH:4
BRDA:16,0,0,0
BRDA:16,0,1,1
BRF:2
BRH:1
end_of_record
